hp-check[8143]: info: :
hp-check[8143]: info: :[01mHP Linux Imaging and Printing System (ver. 3.19.11)[0m
hp-check[8143]: info: :[01mDependency/Version Check Utility ver. 15.1[0m
hp-check[8143]: info: :
hp-check[8143]: info: :Copyright (c) 2001-18 HP Development Company, LP
hp-check[8143]: info: :This software comes with ABSOLUTELY NO WARRANTY.
hp-check[8143]: info: :This is free software, and you are welcome to distribute it
hp-check[8143]: info: :under certain conditions. See COPYING file for more details.
hp-check[8143]: info: :
hp-check[8143]: info: :[01mNote: hp-check can be run in three modes:[0m
hp-check[8143]: info: :1. Compile-time check mode (-c or --compile): Use this mode before compiling the HPLIP supplied     
hp-check[8143]: info: :tarball (.tar.gz or .run) to determine if the proper dependencies are installed to successfully     
hp-check[8143]: info: :compile HPLIP.                                                                                      
hp-check[8143]: info: :2. Run-time check mode (-r or --run): Use this mode to determine if a distro supplied package (.deb,
hp-check[8143]: info: :.rpm, etc) or an already built HPLIP supplied tarball has the proper dependencies installed to      
hp-check[8143]: info: :successfully run.                                                                                   
hp-check[8143]: info: :3. Both compile- and run-time check mode (-b or --both) (Default): This mode will check both of the 
hp-check[8143]: info: :above cases (both compile- and run-time dependencies).                                              
hp-check[8143]: info: :
hp-check[8143]: info: :Check types:                                                                                        
hp-check[8143]: info: :a. EXTERNALDEP - External Dependencies                                                              
hp-check[8143]: info: :b. GENERALDEP - General Dependencies (required both at compile and run time)                        
hp-check[8143]: info: :c. COMPILEDEP - Compile time Dependencies                                                           
hp-check[8143]: info: :d. [All are run-time checks]                                                                        
hp-check[8143]: info: :PYEXT SCANCONF QUEUES PERMISSION                                                                    
hp-check[8143]: info: :
hp-check[8143]: info: :Status Types:
hp-check[8143]: info: :    OK
hp-check[8143]: info: :    MISSING       - Missing Dependency or Permission or Plug-in
hp-check[8143]: info: :    INCOMPAT      - Incompatible dependency-version or Plugin-version
hp-check[8143]: info: :
warning: [01m2-10.2 version is not supported. Using 2-10.0 versions dependencies to verify and install...[0m
hp-check[8143]: info: :
hp-check[8143]: info: :---------------
hp-check[8143]: info: :| SYSTEM INFO |
hp-check[8143]: info: :---------------
hp-check[8143]: info: :
hp-check[8143]: info: : Kernel: 4.9.0-9-amd64 #1 SMP Debian 4.9.168-1+deb9u2 (2019-05-13) GNU/Linux
 Host: debian-dell
 Proc: 4.9.0-9-amd64 #1 SMP Debian 4.9.168-1+deb9u2 (2019-05-13) GNU/Linux
 Distribution: 2 10.2
hp-check[8143]: info: : Bitness: 64 bit

hp-check[8143]: info: :
hp-check[8143]: info: :-----------------------
hp-check[8143]: info: :| HPLIP CONFIGURATION |
hp-check[8143]: info: :-----------------------
hp-check[8143]: info: :
hp-check[8143]: info: :HPLIP-Version: HPLIP 3.19.11
hp-check[8143]: info: :HPLIP-Home: /usr/share/hplip
warning: HPLIP-Installation: Auto installation is not supported for 2 distro  10.2 version 
hp-check[8143]: info: :
hp-check[8143]: info: :[01mCurrent contents of '/etc/hp/hplip.conf' file:[0m
hp-check[8143]: info: :# hplip.conf.  Generated from hplip.conf.in by configure.

[hplip]
version=3.19.11

[dirs]
home=/usr/share/hplip
run=/var/run
ppd=/usr/share/ppd/HP
ppdbase=/usr/share/ppd
doc=/usr/share/doc/hplip-3.19.11
html=/usr/share/doc/hplip-3.19.11
icon=/usr/share/applications
cupsbackend=/usr/lib/cups/backend
cupsfilter=/usr/lib/cups/filter
drv=/usr/share/cups/drv/hp
bin=/usr/bin
apparmor=/etc/apparmor.d
# Following values are determined at configure time and cannot be changed.
[configure]
network-build=yes
libusb01-build=no
pp-build=no
gui-build=yes
scanner-build=yes
fax-build=no
dbus-build=yes
cups11-build=no
doc-build=no
shadow-build=no
hpijs-install=no
foomatic-drv-install=no
foomatic-ppd-install=no
foomatic-rip-hplip-install=no
hpcups-install=yes
cups-drv-install=yes
cups-ppd-install=no
internal-tag=3.19.11
restricted-build=no
ui-toolkit=qt5
qt3=no
qt4=no
qt5=yes
policy-kit=no
lite-build=no
udev_sysfs_rules=no
hpcups-only-build=no
hpijs-only-build=no
apparmor_build=no
class-driver=no

hp-check[8143]: info: :
hp-check[8143]: info: :[01mCurrent contents of '/var/lib/hp/hplip.state' file:[0m
hp-check[8143]: info: :[plugin]
installed = 1
eula = 1
version = 3.19.11


hp-check[8143]: info: :
hp-check[8143]: info: :[01mCurrent contents of '~/.hplip/hplip.conf' file:[0m
hp-check[8143]: info: :[commands]
scan = /usr/bin/xsane -V %SANE_URI%

[fax]
email_address = 
voice_phone = 

[installation]
date_time = 12/30/2019 01:31:16
version = 3.19.11

[last_used]
device_uri = 
printer_name = 
working_dir = .

[polling]
device_list = 
enable = false
interval = 5

[refresh]
enable = false
rate = 30
type = 1

[settings]
systray_messages = 0
systray_visible = 1

[upgrade]
last_upgraded_time = 1574008068
notify_upgrade = true
pending_upgrade_time = 0
latest_available_version = 3.17.10


hp-check[8143]: info: : <Package-name>        <Package-Desc>      <Required/Optional> <Min-Version> <Installed-Version> <Status>   <Comment>
hp-check[8143]: info: :
hp-check[8143]: info: :--------------
hp-check[8143]: info: :| COMPILEDEP |
hp-check[8143]: info: :--------------
hp-check[8143]: info: :
hp-check[8143]: info: : gcc                  gcc - GNU Project C and C++ Compiler                         REQUIRED        -               8.3.0           OK         -
hp-check[8143]: info: : make                 make - GNU make utility to maintain groups of programs       REQUIRED        3.0             4.2.1           OK         -
hp-check[8143]: info: : libtool              libtool - Library building support services                  REQUIRED        -               2.4.6           OK         -
hp-check[8143]: info: :
hp-check[8143]: info: :------------------------
hp-check[8143]: info: :| General Dependencies |
hp-check[8143]: info: :------------------------
hp-check[8143]: info: :
hp-check[8143]: info: : libcrypto            libcrypto - OpenSSL cryptographic library                    REQUIRED        -               1.1.1           OK         -
hp-check[8143]: info: : python-xml           Python XML libraries                                         REQUIRED        -               2.2.6           OK         -
hp-check[8143]: info: : libnetsnmp-devel     libnetsnmp-devel - SNMP networking library development files REQUIRED        5.0.9           5.7.3           OK         -
hp-check[8143]: info: : sane-devel           SANE - Scanning library development files                    REQUIRED        -               -               OK         -
hp-check[8143]: info: : pil                  PIL - Python Imaging Library (required for commandline scanning with hp-scan) OPTIONAL        -               6.2.1           OK         -
hp-check[8143]: info: : pyqt4-dbus           PyQt 4 DBus - DBus Support for PyQt4                         REQUIRED        4.0             4.12.1          OK         -
hp-check[8143]: info: : libpthread           libpthread - POSIX threads library                           REQUIRED        -               2.28            OK         -
hp-check[8143]: info: : python-devel         Python devel - Python development files                      REQUIRED        2.2             2.7.16          OK         -
hp-check[8143]: info: : cups-devel           CUPS devel- Common Unix Printing System development files    REQUIRED        -               2.2.10          OK         -
hp-check[8143]: info: : python-dbus          Python DBus - Python bindings for DBus                       REQUIRED        0.80.0          1.2.8           OK         -
hp-check[8143]: info: : cups-ddk             CUPS DDK - CUPS driver development kit                       OPTIONAL        -               -               OK         -
hp-check[8143]: info: : reportlab            Reportlab - PDF library for Python                           OPTIONAL        2.0             3.5.13          OK         -
hp-check[8143]: info: : pyqt4                PyQt 4- Qt interface for Python (for Qt version 4.x)         REQUIRED        4.0             4.12.1          OK         -
hp-check[8143]: info: : libusb               libusb - USB library                                         REQUIRED        -               1.0             OK         -
hp-check[8143]: info: : cups-image           CUPS image - CUPS image development files                    REQUIRED        -               2.2.10          OK         -
hp-check[8143]: info: : python2X             Python 2.2 or greater - Python programming language          REQUIRED        2.2             2.7.16          OK         -
hp-check[8143]: info: : python-notify        Python libnotify - Python bindings for the libnotify Desktop notifications OPTIONAL        -               -               OK         -
hp-check[8143]: info: : libjpeg              libjpeg - JPEG library                                       REQUIRED        -               -               OK         -
hp-check[8143]: info: : sane                 SANE - Scanning library                                      REQUIRED        -               -               OK         -
hp-check[8143]: info: :
hp-check[8143]: info: :----------------------
hp-check[8143]: info: :| Scan Configuration |
hp-check[8143]: info: :----------------------
hp-check[8143]: info: :
hp-check[8143]: info: : scanext              Scan-SANE-Extension                                          REQUIRED        -               3.19.11         OK         -
hp-check[8143]: info: : hpaio                HPLIP-SANE-Backend                                           REQUIRED        -               3.19.11         OK         'hpaio found in /etc/sane.d/dll.conf'
hp-check[8143]: info: :
hp-check[8143]: info: :-------------------------
hp-check[8143]: info: :| External Dependencies |
hp-check[8143]: info: :-------------------------
hp-check[8143]: info: :
hp-check[8143]: info: : gs                   GhostScript - PostScript and PDF language interpreter and previewer REQUIRED        7.05            9.27            OK         -
hp-check[8143]: info: : scanimage            scanimage - Shell scanning program                           OPTIONAL        1.0             1.0.27          OK         -
hp-check[8143]: info: : cups                 CUPS - Common Unix Printing System                           REQUIRED        1.1             2.2.10          OK         'CUPS Scheduler is running'
hp-check[8143]: info: : network              network -wget                                                OPTIONAL        -               1.20.1          OK         -
hp-check[8143]: info: : policykit            PolicyKit - Administrative policy framework                  OPTIONAL        -               0.105           OK         -
hp-check[8143]: info: : xsane                xsane - Graphical scanner frontend for SANE                  OPTIONAL        0.9             0.999           OK         -
hp-check[8143]: info: : dbus                 DBus - Message bus system                                    REQUIRED        -               1.12.16         OK         -
hp-check[8143]: info: : avahi-utils          avahi-utils                                                  OPTIONAL        -               0.7             OK         -
hp-check[8143]: info: :
hp-check[8143]: info: :---------------------
hp-check[8143]: info: :| Python Extentions |
hp-check[8143]: info: :---------------------
hp-check[8143]: info: :
hp-check[8143]: info: : hpmudext             IO-Extension                                                 REQUIRED        -               3.19.11         OK         -
hp-check[8143]: info: : cupsext              CUPS-Extension                                               REQUIRED        -               3.19.11         OK         -
hp-check[8143]: info: :
hp-check[8143]: info: :------------------------------
hp-check[8143]: info: :| DISCOVERED SCANNER DEVICES |
hp-check[8143]: info: :------------------------------
hp-check[8143]: info: :
hp-check[8143]: info: :No Scanner found.
hp-check[8143]: info: :
hp-check[8143]: info: :--------------------------
hp-check[8143]: info: :| DISCOVERED USB DEVICES |
hp-check[8143]: info: :--------------------------
hp-check[8143]: info: :
hp-check[8143]: info: :  Device URI                                Model               
hp-check[8143]: info: :  ----------------------------------------  --------------------
hp-check[8143]: info: :  hp:/usb/HP_LaserJet_P1006?serial=AB076QZ  HP LaserJet P1006   
hp-check[8143]: info: :
hp-check[8143]: info: :---------------------------------
hp-check[8143]: info: :| INSTALLED CUPS PRINTER QUEUES |
hp-check[8143]: info: :---------------------------------
hp-check[8143]: info: :
hp-check[8143]: info: :
hp-check[8143]: info: :[01mlpstat[0m
hp-check[8143]: info: :[01m------[0m
hp-check[8143]: info: :Type: Unknown
hp-check[8143]: info: :Device URI: No destinations added.
hp-check[8143]: info: :
hp-check[8143]: info: :
hp-check[8143]: info: :--------------
hp-check[8143]: info: :| PERMISSION |
hp-check[8143]: info: :--------------
hp-check[8143]: info: :
hp-check[8143]: info: :USB             None                           Required        -        -        OK       Node:'/dev/bus/usb/001/016' Perm:'  root  lp rw- rw- rw- rw- r--'
hp-check[8143]: info: :[32;01mNo errors or warnings.[0m
hp-check[8143]: info: :
hp-check[8143]: info: :Done.
